14:34:04.749 [main] DEBUG org.apache.poi.openxml4j.opc.PackageRelationshipCollection -  Parsing relationship: /xl/_rels/workbook.xml.rels
14:34:04.757 [main] DEBUG org.apache.poi.openxml4j.opc.PackageRelationshipCollection -  Parsing relationship: /xl/worksheets/_rels/sheet1.xml.rels
14:34:04.758 [main] DEBUG org.apache.poi.openxml4j.opc.PackageRelationshipCollection -  Parsing relationship: /_rels/.rels
14:34:04.977 [main] INFO  testCases.TC003_LoginDDT -  ********Starting TC_003_LoginDDT**********
14:34:07.643 [main] INFO  testCases.TC003_LoginDDT -  ********Finished TC_003_LoginDDT**********
14:34:07.735 [main] INFO  testCases.TC003_LoginDDT -  ********Starting TC_003_LoginDDT**********
14:34:10.424 [main] INFO  testCases.TC003_LoginDDT -  ********Finished TC_003_LoginDDT**********
14:34:10.612 [main] INFO  testCases.TC003_LoginDDT -  ********Starting TC_003_LoginDDT**********
14:34:34.605 [main] INFO  testCases.TC003_LoginDDT -  ********Starting TC_003_LoginDDT**********
14:39:06.289 [main] DEBUG org.apache.poi.openxml4j.opc.PackageRelationshipCollection -  Parsing relationship: /xl/_rels/workbook.xml.rels
14:39:06.299 [main] DEBUG org.apache.poi.openxml4j.opc.PackageRelationshipCollection -  Parsing relationship: /xl/worksheets/_rels/sheet1.xml.rels
14:39:06.337 [main] DEBUG org.apache.poi.openxml4j.opc.PackageRelationshipCollection -  Parsing relationship: /_rels/.rels
14:39:08.485 [main] DEBUG org.apache.poi.openxml4j.opc.PackageRelationshipCollection -  Parsing relationship: /xl/_rels/workbook.xml.rels
14:39:08.487 [main] DEBUG org.apache.poi.openxml4j.opc.PackageRelationshipCollection -  Parsing relationship: /xl/worksheets/_rels/sheet1.xml.rels
14:39:08.490 [main] DEBUG org.apache.poi.openxml4j.opc.PackageRelationshipCollection -  Parsing relationship: /_rels/.rels
14:39:08.680 [main] DEBUG org.apache.poi.openxml4j.opc.PackageRelationshipCollection -  Parsing relationship: /xl/_rels/workbook.xml.rels
14:39:08.682 [main] DEBUG org.apache.poi.openxml4j.opc.PackageRelationshipCollection -  Parsing relationship: /xl/worksheets/_rels/sheet1.xml.rels
14:39:08.683 [main] DEBUG org.apache.poi.openxml4j.opc.PackageRelationshipCollection -  Parsing relationship: /_rels/.rels
14:39:08.874 [main] DEBUG org.apache.poi.openxml4j.opc.PackageRelationshipCollection -  Parsing relationship: /xl/_rels/workbook.xml.rels
14:39:08.876 [main] DEBUG org.apache.poi.openxml4j.opc.PackageRelationshipCollection -  Parsing relationship: /xl/worksheets/_rels/sheet1.xml.rels
14:39:08.879 [main] DEBUG org.apache.poi.openxml4j.opc.PackageRelationshipCollection -  Parsing relationship: /_rels/.rels
14:39:08.954 [main] DEBUG org.apache.poi.openxml4j.opc.PackageRelationshipCollection -  Parsing relationship: /xl/_rels/workbook.xml.rels
14:39:08.956 [main] DEBUG org.apache.poi.openxml4j.opc.PackageRelationshipCollection -  Parsing relationship: /xl/worksheets/_rels/sheet1.xml.rels
14:39:08.958 [main] DEBUG org.apache.poi.openxml4j.opc.PackageRelationshipCollection -  Parsing relationship: /_rels/.rels
14:39:09.030 [main] DEBUG org.apache.poi.openxml4j.opc.PackageRelationshipCollection -  Parsing relationship: /xl/_rels/workbook.xml.rels
14:39:09.031 [main] DEBUG org.apache.poi.openxml4j.opc.PackageRelationshipCollection -  Parsing relationship: /xl/worksheets/_rels/sheet1.xml.rels
14:39:09.034 [main] DEBUG org.apache.poi.openxml4j.opc.PackageRelationshipCollection -  Parsing relationship: /_rels/.rels
14:39:09.125 [main] DEBUG org.apache.poi.openxml4j.opc.PackageRelationshipCollection -  Parsing relationship: /xl/_rels/workbook.xml.rels
14:39:09.138 [main] DEBUG org.apache.poi.openxml4j.opc.PackageRelationshipCollection -  Parsing relationship: /xl/worksheets/_rels/sheet1.xml.rels
14:39:09.140 [main] DEBUG org.apache.poi.openxml4j.opc.PackageRelationshipCollection -  Parsing relationship: /_rels/.rels
14:39:09.631 [main] DEBUG org.apache.poi.openxml4j.opc.PackageRelationshipCollection -  Parsing relationship: /xl/_rels/workbook.xml.rels
14:39:09.650 [main] DEBUG org.apache.poi.openxml4j.opc.PackageRelationshipCollection -  Parsing relationship: /xl/worksheets/_rels/sheet1.xml.rels
14:39:09.652 [main] DEBUG org.apache.poi.openxml4j.opc.PackageRelationshipCollection -  Parsing relationship: /_rels/.rels
14:39:09.934 [main] DEBUG org.apache.poi.openxml4j.opc.PackageRelationshipCollection -  Parsing relationship: /xl/_rels/workbook.xml.rels
14:39:09.939 [main] DEBUG org.apache.poi.openxml4j.opc.PackageRelationshipCollection -  Parsing relationship: /xl/worksheets/_rels/sheet1.xml.rels
14:39:09.940 [main] DEBUG org.apache.poi.openxml4j.opc.PackageRelationshipCollection -  Parsing relationship: /_rels/.rels
14:39:10.088 [main] DEBUG org.apache.poi.openxml4j.opc.PackageRelationshipCollection -  Parsing relationship: /xl/_rels/workbook.xml.rels
14:39:10.089 [main] DEBUG org.apache.poi.openxml4j.opc.PackageRelationshipCollection -  Parsing relationship: /xl/worksheets/_rels/sheet1.xml.rels
14:39:10.091 [main] DEBUG org.apache.poi.openxml4j.opc.PackageRelationshipCollection -  Parsing relationship: /_rels/.rels
