17:54:42.558 [main] INFO  testCases.TC001_AccountRegistrationTest -  *******TC001_AccountRegistrationTest end*********
17:54:44.380 [main] INFO  testCases.TC002_LoginTest -  *****Starting_TC002_LoginTest*****
17:56:01.260 [main] INFO  testCases.TC001_AccountRegistrationTest -  **** Starting TC001_AccountRegistrationTest****
17:56:01.455 [main] INFO  testCases.TC001_AccountRegistrationTest -  Clicked on MyAccount Link
17:56:01.783 [main] INFO  testCases.TC001_AccountRegistrationTest -  Clicked on Register Link
17:56:01.791 [main] INFO  testCases.TC001_AccountRegistrationTest -  Providing Customer Details...
17:56:03.412 [main] INFO  testCases.TC001_AccountRegistrationTest -  Validating Expected Message...
17:56:04.272 [main] INFO  testCases.TC001_AccountRegistrationTest -  *******TC001_AccountRegistrationTest end*********
17:56:06.086 [main] INFO  testCases.TC002_LoginTest -  *****Starting_TC002_LoginTest*****
17:56:51.109 [main] INFO  testCases.TC001_AccountRegistrationTest -  **** Starting TC001_AccountRegistrationTest****
17:56:51.299 [main] INFO  testCases.TC001_AccountRegistrationTest -  Clicked on MyAccount Link
17:56:51.684 [main] INFO  testCases.TC001_AccountRegistrationTest -  Clicked on Register Link
17:56:51.699 [main] INFO  testCases.TC001_AccountRegistrationTest -  Providing Customer Details...
17:56:54.030 [main] INFO  testCases.TC001_AccountRegistrationTest -  Validating Expected Message...
17:56:54.093 [main] INFO  testCases.TC001_AccountRegistrationTest -  *******TC001_AccountRegistrationTest end*********
17:56:55.858 [main] INFO  testCases.TC002_LoginTest -  *****Starting_TC002_LoginTest*****
17:58:26.374 [main] INFO  testCases.TC001_AccountRegistrationTest -  **** Starting TC001_AccountRegistrationTest****
17:58:26.550 [main] INFO  testCases.TC001_AccountRegistrationTest -  Clicked on MyAccount Link
17:58:26.961 [main] INFO  testCases.TC001_AccountRegistrationTest -  Clicked on Register Link
17:58:26.966 [main] INFO  testCases.TC001_AccountRegistrationTest -  Providing Customer Details...
17:58:28.728 [main] INFO  testCases.TC001_AccountRegistrationTest -  Validating Expected Message...
17:58:28.848 [main] INFO  testCases.TC001_AccountRegistrationTest -  *******TC001_AccountRegistrationTest end*********
17:50:30.263 [main] DEBUG org.testng.TestNG -  suiteXmlPath: "C:\Users\adigo\eclipse-workspace\OpenCart121\master.xml"
17:52:02.443 [main] DEBUG org.testng.TestNG -  suiteXmlPath: "C:\Users\adigo\eclipse-workspace\OpenCart121\master.xml"
16:48:09.079 [main] DEBUG org.testng.TestNG -  suiteXmlPath: "C:\Users\adigo\eclipse-workspace\OpenCart121\master.xml"
16:54:10.764 [main] DEBUG org.testng.TestNG -  suiteXmlPath: "C:\Users\adigo\eclipse-workspace\OpenCart121\master.xml"
16:57:05.955 [main] DEBUG org.testng.TestNG -  suiteXmlPath: "C:\Users\adigo\eclipse-workspace\OpenCart121\master.xml"
16:14:16.238 [main] DEBUG org.testng.TestNG -  suiteXmlPath: "C:\Users\adigo\eclipse-workspace\OpenCart121\master.xml"
16:17:22.641 [main] DEBUG org.testng.TestNG -  suiteXmlPath: "C:\Users\adigo\eclipse-workspace\OpenCart121\master.xml"
16:27:53.922 [main] DEBUG org.testng.TestNG -  suiteXmlPath: "C:\Users\adigo\eclipse-workspace\OpenCart121\master.xml"
16:46:32.671 [main] DEBUG org.testng.TestNG -  suiteXmlPath: "C:\Users\adigo\eclipse-workspace\OpenCart121\master.xml"
17:09:11.353 [main] DEBUG org.testng.TestNG -  suiteXmlPath: "C:\Users\adigo\eclipse-workspace\OpenCart121\master.xml"
17:09:17.120 [main] INFO  testCases.TC001_AccountRegistrationTest -  **** Starting TC001_AccountRegistrationTest****
17:09:17.688 [main] INFO  testCases.TC001_AccountRegistrationTest -  Clicked on MyAccount Link
17:09:19.567 [main] INFO  testCases.TC001_AccountRegistrationTest -  Clicked on Register Link
17:09:19.571 [main] INFO  testCases.TC001_AccountRegistrationTest -  Providing Customer Details...
17:09:27.071 [main] INFO  testCases.TC001_AccountRegistrationTest -  Validating Expected Message...
17:09:27.117 [main] INFO  testCases.TC001_AccountRegistrationTest -  *******TC001_AccountRegistrationTest end*********
17:09:30.176 [main] INFO  testCases.TC002_LoginTest -  *****Starting_TC002_LoginTest*****
17:09:32.253 [main] INFO  testCases.TC002_LoginTest -  *****Finished_TC002_LoginTest*****
17:12:00.801 [main] DEBUG org.testng.TestNG -  suiteXmlPath: "C:\Users\adigo\eclipse-workspace\OpenCart121\master.xml"
17:12:04.863 [main] INFO  testCases.TC001_AccountRegistrationTest -  **** Starting TC001_AccountRegistrationTest****
17:12:05.155 [main] INFO  testCases.TC001_AccountRegistrationTest -  Clicked on MyAccount Link
17:12:05.552 [main] INFO  testCases.TC001_AccountRegistrationTest -  Clicked on Register Link
17:12:05.583 [main] INFO  testCases.TC001_AccountRegistrationTest -  Providing Customer Details...
17:12:08.513 [main] INFO  testCases.TC001_AccountRegistrationTest -  Validating Expected Message...
17:12:09.469 [main] INFO  testCases.TC001_AccountRegistrationTest -  *******TC001_AccountRegistrationTest end*********
